#
# A fatal error has been detected by the Java Runtime Environment:
#
#  EXCEPTION_ACCESS_VIOLATION (0xc0000005) at pc=0x00007ffd959b2224, pid=8388, tid=1000
#
# JRE version: Java(TM) SE Runtime Environment (8.0_74-b02) (build 1.8.0_74-b02)
# Java VM: Java HotSpot(TM) 64-Bit Server VM (25.74-b02 mixed mode windows-amd64 compressed oops)
# Problematic frame:
# C  [OPENGL32.dll+0xe2224]
#
# Failed to write core dump. Minidumps are not enabled by default on client versions of Windows
#
# If you would like to submit a bug report, please visit:
#   http://bugreport.java.com/bugreport/crash.jsp
#

---------------  T H R E A D  ---------------

Current thread (0x0000000001da7000):  VMThread [stack: 0x0000000015a40000,0x0000000015b40000] [id=1000]

siginfo: ExceptionCode=0xc0000005, reading address 0x0000000000000a38

Registers:
RAX=0x0000000000000000, RBX=0x000000001db30150, RCX=0x0000000000000001, RDX=0x000000001db30158
RSP=0x0000000015b3f408, RBP=0x0000000000000000, RSI=0x000000001db333d0, RDI=0x000000001db333d0
R8 =0x0000000015b3f488, R9 =0x0000000001cb5500, R10=0x0000000000000042, R11=0x0000000000000000
R12=0x0000000000000000, R13=0x00000000169d6b58, R14=0x00000000169d6a10, R15=0x0000000000000000
RIP=0x00007ffd959b2224, EFLAGS=0x0000000000010283

Top of Stack: (sp=0x0000000015b3f408)
0x0000000015b3f408:   00007ffd8948455b 0000000000000001
0x0000000015b3f418:   000000001db30158 0000000015b3f488
0x0000000015b3f428:   0000000001cb5500 0000000000000000
0x0000000015b3f438:   00007ffd89489c17 0000000000000000
0x0000000015b3f448:   0000000000000000 00000000169d6b40
0x0000000015b3f458:   00007ffd89488f83 fffffffffffffffe
0x0000000015b3f468:   0000000015b3f4d0 0000000000000000
0x0000000015b3f478:   00007ffd8948a4c9 000000001db333d0
0x0000000015b3f488:   000000001db316b0 0000000001cb5500
0x0000000015b3f498:   00007ffd894f7258 fffffffffffffffe
0x0000000015b3f4a8:   00000000169d9060 0000000000000001
0x0000000015b3f4b8:   00000000169d6b38 00000000169d6a10
0x0000000015b3f4c8:   00007ffd894ff37d 00007ffd8962b890
0x0000000015b3f4d8:   00007ffd89565280 0000000001cb5500
0x0000000015b3f4e8:   00007ffdadb40ad9 00000000169d6b38
0x0000000015b3f4f8:   00000000169d6a10 00000000169d6a10 

Instructions: (pc=0x00007ffd959b2224)
0x00007ffd959b2204:   cc cc cc cc cc cc 66 0f 1f 44 00 00 8b 05 f2 7d
0x00007ffd959b2214:   01 00 83 f8 40 73 0f 65 48 8b 04 c5 80 14 00 00
0x00007ffd959b2224:   ff a0 38 0a 00 00 b8 47 01 00 00 e9 ec d4 ff ff
0x00007ffd959b2234:   cc cc cc cc cc cc 66 0f 1f 44 00 00 8b 05 c2 7d 


Register to memory mapping:

RAX=0x0000000000000000 is an unknown value
RBX=0x000000001db30150 is an unknown value
RCX=0x0000000000000001 is an unknown value
RDX=0x000000001db30158 is an unknown value
RSP=0x0000000015b3f408 is an unknown value
RBP=0x0000000000000000 is an unknown value
RSI=0x000000001db333d0 is an unknown value
RDI=0x000000001db333d0 is an unknown value
R8 =0x0000000015b3f488 is an unknown value
R9 =0x0000000001cb5500 is an unknown value
R10=0x0000000000000042 is an unknown value
R11=0x0000000000000000 is an unknown value
R12=0x0000000000000000 is an unknown value
R13=0x00000000169d6b58 is an unknown value
R14=0x00000000169d6a10 is an unknown value
R15=0x0000000000000000 is an unknown value


Stack: [0x0000000015a40000,0x0000000015b40000],  sp=0x0000000015b3f408,  free space=1021k
Native frames: (J=compiled Java code, j=interpreted, Vv=VM code, C=native code)

VM_Operation (0x0000000000e2f550): Exit, mode: safepoint, requested by thread 0x0000000000e30800


---------------  P R O C E S S  ---------------

Java Threads: ( => current thread )
  0x0000000016371000 JavaThread "Service Thread" daemon [_thread_blocked, id=7040, stack(0x0000000016750000,0x0000000016850000)]
  0x0000000001def000 JavaThread "C1 CompilerThread2" daemon [_thread_blocked, id=6816, stack(0x0000000016250000,0x0000000016350000)]
  0x0000000001de4800 JavaThread "C2 CompilerThread1" daemon [_thread_blocked, id=6788, stack(0x0000000016150000,0x0000000016250000)]
  0x0000000001ddf800 JavaThread "C2 CompilerThread0" daemon [_thread_blocked, id=5652, stack(0x0000000016050000,0x0000000016150000)]
  0x0000000001dda800 JavaThread "Attach Listener" daemon [_thread_blocked, id=3300, stack(0x0000000015f50000,0x0000000016050000)]
  0x0000000001dd9000 JavaThread "Signal Dispatcher" daemon [_thread_blocked, id=2796, stack(0x0000000015e50000,0x0000000015f50000)]
  0x0000000001dca000 JavaThread "Finalizer" daemon [_thread_blocked, id=3944, stack(0x0000000015c40000,0x0000000015d40000)]
  0x0000000000f1f000 JavaThread "Reference Handler" daemon [_thread_blocked, id=5324, stack(0x0000000015b40000,0x0000000015c40000)]
  0x0000000000e30800 JavaThread "main" [_thread_blocked, id=9100, stack(0x0000000000d30000,0x0000000000e30000)]

Other Threads:
=>0x0000000001da7000 VMThread [stack: 0x0000000015a40000,0x0000000015b40000] [id=1000]

VM state:at safepoint (shutting down)

VM Mutex/Monitor currently owned by a thread:  ([mutex/lock_event])
[0x000000000049bd50] Threads_lock - owner thread: 0x0000000001da7000

Heap:
 PSYoungGen      total 18944K, used 9238K [0x00000000eb300000, 0x00000000ec800000, 0x0000000100000000)
  eden space 16384K, 56% used [0x00000000eb300000,0x00000000ebc05bb8,0x00000000ec300000)
  from space 2560K, 0% used [0x00000000ec580000,0x00000000ec580000,0x00000000ec800000)
  to   space 2560K, 0% used [0x00000000ec300000,0x00000000ec300000,0x00000000ec580000)
 ParOldGen       total 44032K, used 0K [0x00000000c1800000, 0x00000000c4300000, 0x00000000eb300000)
  object space 44032K, 0% used [0x00000000c1800000,0x00000000c1800000,0x00000000c4300000)
 Metaspace       used 5491K, capacity 6158K, committed 6272K, reserved 1056768K
  class space    used 526K, capacity 560K, committed 640K, reserved 1048576K

Card table byte_map: [0x00000000012f0000,0x00000000014f0000] byte_map_base: 0x0000000000ce4000

Marking Bits: (ParMarkBitMap*) 0x0000000064830600
 Begin Bits: [0x0000000012400000, 0x00000000133a0000)
 End Bits:   [0x00000000133a0000, 0x0000000014340000)

Polling page: 0x0000000000460000

CodeCache: size=245760Kb used=3047Kb max_used=3047Kb free=242712Kb
 bounds [0x0000000003400000, 0x0000000003700000, 0x0000000012400000]
 total_blobs=1002 nmethods=612 adapters=303
 compilation: enabled

Compilation events (10 events):
Event: 83.727 Thread 0x0000000001def000  607       3       java.nio.HeapByteBuffer::put (16 bytes)
Event: 83.729 Thread 0x0000000001def000 nmethod 607 0x00000000036e0550 code [0x00000000036e06e0, 0x00000000036e0a88]
Event: 83.825 Thread 0x0000000001def000  608       3       java.nio.HeapByteBuffer::get (14 bytes)
Event: 83.826 Thread 0x0000000001def000 nmethod 608 0x00000000036dfe50 code [0x00000000036dffe0, 0x00000000036e0388]
Event: 83.894 Thread 0x0000000001def000  610       3       org.newdawn.slick.state.StateBasedGame::transitioning (20 bytes)
Event: 83.895 Thread 0x0000000001def000 nmethod 610 0x00000000036891d0 code [0x0000000003689320, 0x0000000003689510]
Event: 83.895 Thread 0x0000000001def000  609       1       org.newdawn.slick.state.BasicGameState::isAcceptingInput (2 bytes)
Event: 83.896 Thread 0x0000000001def000 nmethod 609 0x00000000036a9390 code [0x00000000036a94e0, 0x00000000036a95f0]
Event: 83.904 Thread 0x0000000001def000  611   !   3       org.lwjgl.input.Mouse::isButtonDown (61 bytes)
Event: 83.907 Thread 0x0000000001def000 nmethod 611 0x00000000036df410 code [0x00000000036df5c0, 0x00000000036dfbd8]

GC Heap History (0 events):
No events

Deoptimization events (5 events):
Event: 3.866 Thread 0x0000000000e30800 Uncommon trap: reason=unstable_if action=reinterpret pc=0x0000000003675198 method=org.lwjgl.input.Keyboard.isKeyDown(I)Z @ 29
Event: 16.394 Thread 0x0000000000e30800 Uncommon trap: reason=unstable_if action=reinterpret pc=0x00000000036b3874 method=org.newdawn.slick.Input.poll(II)V @ 1039
Event: 19.125 Thread 0x0000000000e30800 Uncommon trap: reason=unstable_if action=reinterpret pc=0x000000000369ee88 method=org.newdawn.slick.GameContainer.updateAndRender(I)V @ 236
Event: 21.757 Thread 0x0000000000e30800 Uncommon trap: reason=unstable_if action=reinterpret pc=0x0000000003692848 method=org.lwjgl.opengl.WindowsDisplay.update()V @ 31
Event: 84.699 Thread 0x0000000000e30800 Uncommon trap: reason=unstable_if action=reinterpret pc=0x00000000036e6564 method=org.newdawn.slick.AppGameContainer.gameLoop()V @ 60

Internal exceptions (7 events):
Event: 0.064 Thread 0x0000000000e30800 Exception <a 'java/lang/NoSuchMethodError': Method sun.misc.Unsafe.defineClass(Ljava/lang/String;[BII)Ljava/lang/Class; name or signature does not match> (0x00000000eb307cc0) thrown at [C:\re\workspace\8-2-build-windows-amd64-cygwin\jdk8u74\6087\hotspot\srL¿Zþri°?
Event: 0.064 Thread 0x0000000000e30800 Exception <a 'java/lang/NoSuchMethodError': Method sun.misc.Unsafe.prefetchRead(Ljava/lang/Object;J)V name or signature does not match> (0x00000000eb307fa8) thrown at [C:\re\workspace\8-2-build-windows-amd64-cygwin\jdk8u74\6087\hotspot\src\share\vm\prims\j“&<8Í?
Event: 0.228 Thread 0x0000000000e30800 Exception <a 'java/security/PrivilegedActionException'> (0x00000000eb4f84a8) thrown at [C:\re\workspace\8-2-build-windows-amd64-cygwin\jdk8u74\6087\hotspot\src\share\vm\prims\jvm.cpp, line 1386]
Event: 0.228 Thread 0x0000000000e30800 Exception <a 'java/security/PrivilegedActionException'> (0x00000000eb4f86b8) thrown at [C:\re\workspace\8-2-build-windows-amd64-cygwin\jdk8u74\6087\hotspot\src\share\vm\prims\jvm.cpp, line 1386]
Event: 0.229 Thread 0x0000000000e30800 Exception <a 'java/security/PrivilegedActionException'> (0x00000000eb4fc260) thrown at [C:\re\workspace\8-2-build-windows-amd64-cygwin\jdk8u74\6087\hotspot\src\share\vm\prims\jvm.cpp, line 1386]
Event: 0.229 Thread 0x0000000000e30800 Exception <a 'java/security/PrivilegedActionException'> (0x00000000eb4fc470) thrown at [C:\re\workspace\8-2-build-windows-amd64-cygwin\jdk8u74\6087\hotspot\src\share\vm\prims\jvm.cpp, line 1386]
Event: 0.533 Thread 0x0000000000e30800 Exception <a 'java/lang/NoClassDefFoundError': net/java/games/input/ControllerEnvironment> (0x00000000eb8b9760) thrown at [C:\re\workspace\8-2-build-windows-amd64-cygwin\jdk8u74\6087\hotspot\src\share\vm\classfile\systemDictionary.cpp, line 199]

Events (10 events):
Event: 84.719 loading class org/lwjgl/openal/ALC11 done
Event: 84.720 loading class org/lwjgl/openal/EFX10
Event: 84.720 loading class org/lwjgl/openal/EFX10 done
Event: 84.722 loading class java/util/IdentityHashMap$KeySet
Event: 84.722 loading class java/util/IdentityHashMap$KeySet done
Event: 84.722 loading class java/util/IdentityHashMap$KeyIterator
Event: 84.722 loading class java/util/IdentityHashMap$IdentityHashMapIterator
Event: 84.723 loading class java/util/IdentityHashMap$IdentityHashMapIterator done
Event: 84.723 loading class java/util/IdentityHashMap$KeyIterator done
Event: 84.723 Executing VM operation: Exit


Dynamic libraries:
0x00007ff77a880000 - 0x00007ff77a8b7000 	C:\Program Files\Java\jre1.8.0_74\bin\javaw.exe
0x00007ffdadb20000 - 0x00007ffdadce1000 	C:\WINDOWS\SYSTEM32\ntdll.dll
0x00007ffdab4f0000 - 0x00007ffdab59d000 	C:\WINDOWS\system32\KERNEL32.DLL
0x00007ffdaa240000 - 0x00007ffdaa428000 	C:\WINDOWS\system32\KERNELBASE.dll
0x00007ffdabe40000 - 0x00007ffdabee7000 	C:\WINDOWS\system32\ADVAPI32.dll
0x00007ffdaaf30000 - 0x00007ffdaafcd000 	C:\WINDOWS\system32\msvcrt.dll
0x00007ffdac0a0000 - 0x00007ffdac0fb000 	C:\WINDOWS\system32\sechost.dll
0x00007ffdab320000 - 0x00007ffdab43c000 	C:\WINDOWS\system32\RPCRT4.dll
0x00007ffdaafd0000 - 0x00007ffdab126000 	C:\WINDOWS\system32\USER32.dll
0x00007ffdabc50000 - 0x00007ffdabdd6000 	C:\WINDOWS\system32\GDI32.dll
0x00007ffd9e2e0000 - 0x00007ffd9e554000 	C:\WINDOWS\WinSxS\amd64_microsoft.windows.common-controls_6595b64144ccf1df_6.0.10586.0_none_8c15ae12515e1c22\COMCTL32.dll
0x00007ffdab5a0000 - 0x00007ffdab81d000 	C:\WINDOWS\system32\combase.dll
0x00007ffdaa1d0000 - 0x00007ffdaa23a000 	C:\WINDOWS\system32\bcryptPrimitives.dll
0x00007ffdab820000 - 0x00007ffdab85b000 	C:\WINDOWS\system32\IMM32.DLL
0x0000000063d10000 - 0x0000000063de2000 	C:\Program Files\Java\jre1.8.0_74\bin\msvcr100.dll
0x0000000064020000 - 0x00000000648b0000 	C:\Program Files\Java\jre1.8.0_74\bin\server\jvm.dll
0x00007ffdaaf20000 - 0x00007ffdaaf28000 	C:\WINDOWS\system32\PSAPI.DLL
0x00007ffda8840000 - 0x00007ffda8863000 	C:\WINDOWS\SYSTEM32\WINMM.dll
0x00007ffd9f990000 - 0x00007ffd9f99a000 	C:\WINDOWS\SYSTEM32\VERSION.dll
0x00007ffda8810000 - 0x00007ffda883c000 	C:\WINDOWS\SYSTEM32\WINMMBASE.dll
0x00007ffdaa6f0000 - 0x00007ffdaa733000 	C:\WINDOWS\system32\cfgmgr32.dll
0x00007ffda6380000 - 0x00007ffda6389000 	C:\WINDOWS\SYSTEM32\WSOCK32.dll
0x00007ffdab860000 - 0x00007ffdab8cb000 	C:\WINDOWS\system32\WS2_32.dll
0x0000000064a60000 - 0x0000000064a6f000 	C:\Program Files\Java\jre1.8.0_74\bin\verify.dll
0x0000000064a30000 - 0x0000000064a59000 	C:\Program Files\Java\jre1.8.0_74\bin\java.dll
0x0000000064a10000 - 0x0000000064a26000 	C:\Program Files\Java\jre1.8.0_74\bin\zip.dll
0x00007ffdac540000 - 0x00007ffdada9c000 	C:\WINDOWS\system32\SHELL32.dll
0x00007ffdaa760000 - 0x00007ffdaada5000 	C:\WINDOWS\system32\windows.storage.dll
0x00007ffdabde0000 - 0x00007ffdabe32000 	C:\WINDOWS\system32\shlwapi.dll
0x00007ffdaa1a0000 - 0x00007ffdaa1af000 	C:\WINDOWS\system32\kernel.appcore.dll
0x00007ffdaae60000 - 0x00007ffdaaf15000 	C:\WINDOWS\system32\shcore.dll
0x00007ffdaa150000 - 0x00007ffdaa19b000 	C:\WINDOWS\system32\powrprof.dll
0x00007ffdaa1b0000 - 0x00007ffdaa1c4000 	C:\WINDOWS\system32\profapi.dll
0x0000000180000000 - 0x000000018004f000 	C:\Users\Utilisateur\workspace_g\MiniProjet\lib\natives\windows\lwjgl64.dll
0x00007ffd958d0000 - 0x00007ffd959f9000 	C:\WINDOWS\SYSTEM32\OPENGL32.dll
0x00007ffd967e0000 - 0x00007ffd9680e000 	C:\WINDOWS\SYSTEM32\GLU32.dll
0x00007ffd957d0000 - 0x00007ffd958ca000 	C:\WINDOWS\SYSTEM32\DDRAW.dll
0x00007ffd967c0000 - 0x00007ffd967c8000 	C:\WINDOWS\SYSTEM32\DCIMAN32.dll
0x00007ffda8b70000 - 0x00007ffda8c06000 	C:\WINDOWS\system32\uxtheme.dll
0x00007ffdab8d0000 - 0x00007ffdaba2a000 	C:\WINDOWS\system32\MSCTF.dll
0x00007ffd8af50000 - 0x00007ffd8af7b000 	C:\PROGRA~2\Raptr Inc\Raptr\ltc_help64-111387.dll
0x00007ffdaa600000 - 0x00007ffdaa655000 	C:\WINDOWS\system32\WINTRUST.dll
0x00007ffdaa140000 - 0x00007ffdaa150000 	C:\WINDOWS\system32\MSASN1.dll
0x00007ffdaa430000 - 0x00007ffdaa5f7000 	C:\WINDOWS\system32\CRYPT32.dll
0x00007ffda7ef0000 - 0x00007ffda7f12000 	C:\WINDOWS\system32\dwmapi.dll
0x00007ffd81910000 - 0x00007ffd82143000 	C:\WINDOWS\SYSTEM32\ig7icd64.dll
0x00007ffda5840000 - 0x00007ffda5c9f000 	C:\WINDOWS\SYSTEM32\igdusc64.dll
0x00007ffda7f20000 - 0x00007ffda7f33000 	C:\WINDOWS\SYSTEM32\WTSAPI32.dll
0x00007ffd8c1a0000 - 0x00007ffd8c231000 	C:\WINDOWS\SYSTEM32\mscms.dll
0x00007ffda98a0000 - 0x00007ffda98bf000 	C:\WINDOWS\SYSTEM32\USERENV.dll
0x00007ffd8c150000 - 0x00007ffd8c192000 	C:\WINDOWS\SYSTEM32\icm32.dll
0x0000000063b70000 - 0x0000000063d08000 	C:\Program Files\Java\jre1.8.0_74\bin\awt.dll
0x00007ffdaba30000 - 0x00007ffdabaf1000 	C:\WINDOWS\system32\OLEAUT32.dll
0x00007ffda8930000 - 0x00007ffda89a9000 	C:\WINDOWS\system32\apphelp.dll
0x00007ffda9ac0000 - 0x00007ffda9ad7000 	C:\WINDOWS\system32\CRYPTSP.dll
0x00007ffda9750000 - 0x00007ffda9784000 	C:\WINDOWS\system32\rsaenh.dll
0x00007ffdaa070000 - 0x00007ffdaa099000 	C:\WINDOWS\SYSTEM32\bcrypt.dll
0x00007ffda9be0000 - 0x00007ffda9beb000 	C:\WINDOWS\SYSTEM32\CRYPTBASE.dll
0x00007ffdadaa0000 - 0x00007ffdadabc000 	C:\WINDOWS\system32\imagehlp.dll
0x00007ffda9140000 - 0x00007ffda9164000 	C:\WINDOWS\SYSTEM32\gpapi.dll
0x00007ffd91650000 - 0x00007ffd9167f000 	C:\Windows\System32\cryptnet.dll
0x00007ffda30a0000 - 0x00007ffda30d8000 	C:\WINDOWS\SYSTEM32\IPHLPAPI.DLL
0x00007ffda2e90000 - 0x00007ffda2e9b000 	C:\WINDOWS\SYSTEM32\WINNSI.DLL
0x00007ffdab1a0000 - 0x00007ffdab1a8000 	C:\WINDOWS\system32\NSI.dll
0x00007ffd89420000 - 0x00007ffd89647000 	C:\PROGRA~2\Raptr Inc\Raptr\ltc_game64-111387.dll
0x00007ffdabb00000 - 0x00007ffdabc43000 	C:\WINDOWS\system32\ole32.dll
0x00007ffd8ab90000 - 0x00007ffd8ad1c000 	C:\WINDOWS\SYSTEM32\dbghelp.dll

VM Arguments:
jvm_args: -Djava.library.path=C:\Users\Utilisateur\workspace_g\MiniProjet\lib\natives\windows -Dfile.encoding=Cp1252 
java_command: Game.Game
java_class_path (initial): C:\Users\Utilisateur\workspace_g\MiniProjet\bin;C:\Users\Utilisateur\workspace_g\MiniProjet\lib\jars\lwjgl.jar;C:\Users\Utilisateur\workspace_g\MiniProjet\lib\jars\slick.jar
Launcher Type: SUN_STANDARD

Environment Variables:
PATH=C:/Program Files/Java/jre1.8.0_74/bin/server;C:/Program Files/Java/jre1.8.0_74/bin;C:/Program Files/Java/jre1.8.0_74/lib/amd64;C:\ProgramData\Oracle\Java\javapath;C:\watcom-1.3\binnt;C:\watcom-1.3\binw;C:\Program Files (x86)\Intel\iCLS Client\;C:\Program Files\Intel\iCLS Client\;C:\WINDOWS\system32;C:\WINDOWS;C:\WINDOWS\System32\Wbem;C:\WINDOWS\System32\WindowsPowerShell\v1.0\;C:\Program Files (x86)\Windows Live\Shared;C:\Program Files (x86)\ATI Technologies\ATI.ACE\Core-Static;C:\Program Files\Intel\Intel(R) Management Engine Components\DAL;C:\Program Files\Intel\Intel(R) Management Engine Components\IPT;C:\Program Files (x86)\Intel\Intel(R) Management Engine Components\DAL;C:\Program Files (x86)\Intel\Intel(R) Management Engine Components\IPT;C:\Program Files (x86)\AMD\ATI.ACE\Core-Static;C:\Program Files\Java\jdk1.8.0_45\bin;C:\Program Files (x86)\MySQL\MySQL Fabric 1.5 & MySQL Utilities 1.5\;C:\Program Files (x86)\MySQL\MySQL Fabric 1.5 & MySQL Utilities 1.5\Doctrine extensions for PHP\;C:\Users\Utilisateur\Desktop;
USERNAME=Utilisateur
OS=Windows_NT
PROCESSOR_IDENTIFIER=Intel64 Family 6 Model 58 Stepping 9, GenuineIntel



---------------  S Y S T E M  ---------------

OS: Windows 10.0 , 64 bit Build 10586 (10.0.10586.0)

CPU:total 4 (2 cores per cpu, 2 threads per core) family 6 model 58 stepping 9, cmov, cx8, fxsr, mmx, sse, sse2, sse3, ssse3, sse4.1, sse4.2, popcnt, avx, aes, clmul, erms, ht, tsc, tscinvbit, tscinv

Memory: 4k page, physical 4088088k(573628k free), swap 8282392k(2988000k free)

vm_info: Java HotSpot(TM) 64-Bit Server VM (25.74-b02) for windows-amd64 JRE (1.8.0_74-b02), built on Jan 29 2016 17:42:36 by "java_re" with MS VC++ 10.0 (VS2010)

time: Tue Apr 19 19:15:10 2016
elapsed time: 84 seconds (0d 0h 1m 24s)

